<?xml version="1.0" encoding="UTF-8"?>
<!-- Generated by org.testng.reporters.JUnitReportReporter -->
<testsuite hostname="DESKTOP-GDT0VKC" failures="0" tests="6" name="testNG.TestNG_Priotity" time="4.324" errors="0" timestamp="2022-12-01T18:56:07 IST" skipped="0">
  <testcase classname="testNG.TestNG_Priotity" name="jobTitle" time="0.334"/>
  <system-out/>
  <testcase classname="testNG.TestNG_Priotity" name="Name" time="0.260"/>
  <system-out/>
  <testcase classname="testNG.TestNG_Priotity" name="Email" time="0.304"/>
  <system-out/>
  <testcase classname="testNG.TestNG_Priotity" name="country" time="2.994"/>
  <system-out/>
  <testcase classname="testNG.TestNG_Priotity" name="employees" time="0.223"/>
  <system-out/>
  <testcase classname="testNG.TestNG_Priotity" name="phone" time="0.209"/>
  <system-out/>
</testsuite> <!-- testNG.TestNG_Priotity -->
