<?xml version="1.0" encoding="UTF-8"?>
<!-- Generated by org.testng.reporters.JUnitReportReporter -->
<testsuite hostname="DESKTOP-GDT0VKC" failures="0" tests="2" name="testNG.test_demo" time="0.026" errors="0" timestamp="2022-12-01T17:57:45 IST" skipped="0">
  <testcase classname="testNG.test_demo" name="test" time="0.007"/>
  <system-out/>
  <testcase classname="testNG.test_demo" name="f" time="0.019"/>
  <system-out/>
</testsuite> <!-- testNG.test_demo -->
